{"level":"info","msg":"logging started","time":"2021-05-04T16:26:16+03:00"}
{"level":"info","msg":"command-line parameters:","time":"2021-05-04T16:26:16+03:00"}
{"level":"info","msg":"timeout: %!s(int64=5)","time":"2021-05-04T16:26:16+03:00"}
{"level":"info","msg":"log-file: %!t(string=access.log)","time":"2021-05-04T16:26:16+03:00"}
{"level":"info","msg":"error-file: error.log","time":"2021-05-04T16:26:16+03:00"}
{"level":"info","msg":"logging started","time":"2021-05-04T16:31:10+03:00"}
{"level":"info","msg":"command-line parameters:","time":"2021-05-04T16:31:10+03:00"}
{"level":"info","msg":"timeout: %!s(int64=5)","time":"2021-05-04T16:31:10+03:00"}
{"level":"info","msg":"log-file: %!t(string=access.log)","time":"2021-05-04T16:31:10+03:00"}
{"level":"info","msg":"error-file: error.log","time":"2021-05-04T16:31:10+03:00"}
{"level":"info","msg":"logging started","time":"2021-05-04T16:43:24+03:00"}
{"level":"info","msg":"command-line parameters:","time":"2021-05-04T16:43:24+03:00"}
{"level":"info","msg":"timeout: %!s(int64=5)","time":"2021-05-04T16:43:24+03:00"}
{"level":"info","msg":"log-file: %!t(string=access.log)","time":"2021-05-04T16:43:24+03:00"}
{"level":"info","msg":"error-file: error.log","time":"2021-05-04T16:43:24+03:00"}
{"level":"info","msg":"logging started","time":"2021-05-04T16:44:07+03:00"}
{"level":"info","msg":"command-line parameters:","time":"2021-05-04T16:44:07+03:00"}
{"level":"info","msg":"timeout: %!s(int64=5)","time":"2021-05-04T16:44:07+03:00"}
{"level":"info","msg":"log-file: %!t(string=access.log)","time":"2021-05-04T16:44:07+03:00"}
{"level":"info","msg":"error-file: error.log","time":"2021-05-04T16:44:07+03:00"}
{"level":"info","msg":"logging started","time":"2021-05-04T16:46:17+03:00"}
{"level":"info","msg":"command-line parameters:","time":"2021-05-04T16:46:17+03:00"}
{"level":"info","msg":"timeout: %!s(int64=5)","time":"2021-05-04T16:46:17+03:00"}
{"level":"info","msg":"log-file: %!t(string=access.log)","time":"2021-05-04T16:46:17+03:00"}
{"level":"info","msg":"error-file: error.log","time":"2021-05-04T16:46:17+03:00"}
{"level":"info","msg":"logging started","time":"2021-05-04T16:54:32+03:00"}
{"level":"info","msg":"command-line parameters:","time":"2021-05-04T16:54:32+03:00"}
{"level":"info","msg":"timeout: %!s(int64=5)","time":"2021-05-04T16:54:32+03:00"}
{"level":"info","msg":"log-file: %!t(string=access.log)","time":"2021-05-04T16:54:32+03:00"}
{"level":"info","msg":"error-file: error.log","time":"2021-05-04T16:54:32+03:00"}
{"level":"info","msg":"logging started","time":"2021-05-04T16:57:25+03:00"}
{"level":"info","msg":"command-line parameters:","time":"2021-05-04T16:57:25+03:00"}
{"level":"info","msg":"timeout: %!s(int64=5)","time":"2021-05-04T16:57:25+03:00"}
{"level":"info","msg":"log-file: %!t(string=access.log)","time":"2021-05-04T16:57:25+03:00"}
{"level":"info","msg":"error-file: error.log","time":"2021-05-04T16:57:25+03:00"}
{"level":"info","msg":"logging started","time":"2021-05-04T16:58:19+03:00"}
{"level":"info","msg":"command-line parameters:","time":"2021-05-04T16:58:19+03:00"}
{"level":"info","msg":"timeout: %!s(int64=5)","time":"2021-05-04T16:58:19+03:00"}
{"level":"info","msg":"log-file: %!t(string=access.log)","time":"2021-05-04T16:58:19+03:00"}
{"level":"info","msg":"error-file: error.log","time":"2021-05-04T16:58:19+03:00"}
